<?xml version="1.0" encoding="UTF-8"?>
<!-- Generated by org.testng.reporters.JUnitReportReporter -->
<testsuite hostname="DESKTOP-FJ9ECQD" failures="0" tests="1" name="org.alphind.alphamcs.test.AlphaMCSTest" time="75.936" errors="0" timestamp="2023-06-12T11:38:31 EDT" skipped="0">
  <testcase classname="org.alphind.alphamcs.test.AlphaMCSTest" name="newPatientEnrollment" time="75.936"/>
  <system-out/>
</testsuite> <!-- org.alphind.alphamcs.test.AlphaMCSTest -->
