<?xml version="1.0" encoding="UTF-8"?>
<!-- Generated by org.testng.reporters.JUnitReportReporter -->
<testsuite hostname="DESKTOP-FJ9ECQD" failures="0" tests="1" name="com.alphind.alphamcs.test.AlphaMCSTest" time="11.259" errors="0" timestamp="2023-06-09T11:31:49 EDT" skipped="0">
  <testcase classname="com.alphind.alphamcs.test.AlphaMCSTest" name="testDB" time="11.259"/>
  <system-out/>
</testsuite> <!-- com.alphind.alphamcs.test.AlphaMCSTest -->
